<?xml version="1.0" encoding="UTF-8"?>
<testsuite xmlns:xsi="http://www.w3.org/2001/XMLSchema-instance" xsi:noNamespaceSchemaLocation="https://maven.apache.org/surefire/maven-surefire-plugin/xsd/surefire-test-report.xsd" name="TestSuite" time="52.185" tests="3" errors="0" skipped="0" failures="1">
  <properties>
[...]
</properties>
  <testcase name="register" classname="com.tests.browser" time="16.005">
    <failure message="Error {&#10;  message=&apos;Navigation failed because page was closed!&#10;=========================== logs ===========================&#10;navigating to &quot;http://playwright.dev/&quot;, waiting until &quot;load&quot;&#10;============================================================&#10;  name=&apos;Error&#10;  stack=&apos;Error: Navigation failed because page was closed!&#10;=========================== logs ===========================&#10;navigating to &quot;http://playwright.dev/&quot;, waiting until &quot;load&quot;&#10;============================================================&#10;    at C:\Users\DIVYAB~1.SEL\AppData\Local\Temp\playwright-java-5118228124204534098\package\lib\server\frames.js:673:13&#10;    at async ProgressController.run (C:\Users\DIVYAB~1.SEL\AppData\Local\Temp\playwright-java-5118228124204534098\package\lib\server\progress.js:101:22)&#10;    at async FrameDispatcher.goto (C:\Users\DIVYAB~1.SEL\AppData\Local\Temp\playwright-java-5118228124204534098\package\lib\server\dispatchers\frameDispatcher.js:87:59)&#10;    at async DispatcherConnection.dispatch (C:\Users\DIVYAB~1.SEL\AppData\Local\Temp\playwright-java-5118228124204534098\package\lib\server\dispatchers\dispatcher.js:397:22)&#10;}" type="com.microsoft.playwright.PlaywrightException">com.microsoft.playwright.PlaywrightException: 
Error {
  message='Navigation failed because page was closed!
=========================== logs ===========================
navigating to "http://playwright.dev/", waiting until "load"
============================================================
  name='Error
  stack='Error: Navigation failed because page was closed!
=========================== logs ===========================
navigating to "http://playwright.dev/", waiting until "load"
============================================================
    at C:\Users\DIVYAB~1.SEL\AppData\Local\Temp\playwright-java-5118228124204534098\package\lib\server\frames.js:673:13
    at async ProgressController.run (C:\Users\DIVYAB~1.SEL\AppData\Local\Temp\playwright-java-5118228124204534098\package\lib\server\progress.js:101:22)
    at async FrameDispatcher.goto (C:\Users\DIVYAB~1.SEL\AppData\Local\Temp\playwright-java-5118228124204534098\package\lib\server\dispatchers\frameDispatcher.js:87:59)
    at async DispatcherConnection.dispatch (C:\Users\DIVYAB~1.SEL\AppData\Local\Temp\playwright-java-5118228124204534098\package\lib\server\dispatchers\dispatcher.js:397:22)
}
	at com.tests.browser.register(browser.java:23)
Caused by: com.microsoft.playwright.impl.DriverException: 
Error {
  message='Navigation failed because page was closed!
=========================== logs ===========================
navigating to "http://playwright.dev/", waiting until "load"
============================================================
  name='Error
  stack='Error: Navigation failed because page was closed!
=========================== logs ===========================
navigating to "http://playwright.dev/", waiting until "load"
============================================================
    at C:\Users\DIVYAB~1.SEL\AppData\Local\Temp\playwright-java-5118228124204534098\package\lib\server\frames.js:673:13
    at async ProgressController.run (C:\Users\DIVYAB~1.SEL\AppData\Local\Temp\playwright-java-5118228124204534098\package\lib\server\progress.js:101:22)
    at async FrameDispatcher.goto (C:\Users\DIVYAB~1.SEL\AppData\Local\Temp\playwright-java-5118228124204534098\package\lib\server\dispatchers\frameDispatcher.js:87:59)
    at async DispatcherConnection.dispatch (C:\Users\DIVYAB~1.SEL\AppData\Local\Temp\playwright-java-5118228124204534098\package\lib\server\dispatchers\dispatcher.js:397:22)
}
	at com.tests.browser.register(browser.java:23)
</failure>
    <system-out><![CDATA[register : com.microsoft.playwright.PlaywrightException: Error {
  message='Navigation failed because page was closed!
=========================== logs ===========================
navigating to "http://playwright.dev/", waiting until "load"
============================================================
  name='Error
  stack='Error: Navigation failed because page was closed!
=========================== logs ===========================
navigating to "http://playwright.dev/", waiting until "load"
============================================================
    at C:\Users\DIVYAB~1.SEL\AppData\Local\Temp\playwright-java-5118228124204534098\package\lib\server\frames.js:673:13
    at async ProgressController.run (C:\Users\DIVYAB~1.SEL\AppData\Local\Temp\playwright-java-5118228124204534098\package\lib\server\progress.js:101:22)
    at async FrameDispatcher.goto (C:\Users\DIVYAB~1.SEL\AppData\Local\Temp\playwright-java-5118228124204534098\package\lib\server\dispatchers\frameDispatcher.js:87:59)
    at async DispatcherConnection.dispatch (C:\Users\DIVYAB~1.SEL\AppData\Local\Temp\playwright-java-5118228124204534098\package\lib\server\dispatchers\dispatcher.js:397:22)
}
]]></system-out>
    <system-err><![CDATA[SLF4J: Failed to load class "org.slf4j.impl.StaticLoggerBinder".
SLF4J: Defaulting to no-operation (NOP) logger implementation
SLF4J: See http://www.slf4j.org/codes.html#StaticLoggerBinder for further details.
]]></system-err>
  </testcase>
  <testcase name="login1" classname="com.tests.Demo" time="17.467"/>
  <testcase name="testNgXMLSuite" classname="testNgRunner.TestNgCodeRunner" time="17.473"/>
</testsuite>