<?xml version="1.0" encoding="UTF-8"?>
<!-- Generated by org.testng.reporters.JUnitXMLReporter -->
<testsuite ignored="0" hostname="CDC2-LX-210J08T" failures="1" tests="1" name="Command line test" time="18.359" errors="0" timestamp="2023-02-08T12:24:31 IST">
  <testcase classname="com.tests.browser" name="register" time="18.291">
    <failure type="com.microsoft.playwright.PlaywrightException" message="Error {
  message=&amp;apos;net::ERR_SSL_PROTOCOL_ERROR at http://playwright.dev/
=========================== logs ===========================
navigating to &amp;quot;http://playwright.dev/&amp;quot;, waiting until &amp;quot;load&amp;quot;
============================================================
  name=&amp;apos;Error
  stack=&amp;apos;Error: net::ERR_SSL_PROTOCOL_ERROR at http://playwright.dev/
=========================== logs ===========================
navigating to &amp;quot;http://playwright.dev/&amp;quot;, waiting until &amp;quot;load&amp;quot;
============================================================
    at FrameSession._navigate (C:\Users\DIVYAB~1.SEL\AppData\Local\Temp\playwright-java-6779444194254245696\package\lib\server\chromium\crPage.js:638:35)
    at async Frame._gotoAction (C:\Users\DIVYAB~1.SEL\AppData\Local\Temp\playwright-java-6779444194254245696\package\lib\server\frames.js:732:28)
    at async ProgressController.run (C:\Users\DIVYAB~1.SEL\AppData\Local\Temp\playwright-java-6779444194254245696\package\lib\server\progress.js:101:22)
    at async FrameDispatcher.goto (C:\Users\DIVYAB~1.SEL\AppData\Local\Temp\playwright-java-6779444194254245696\package\lib\server\dispatchers\frameDispatcher.js:87:59)
    at async DispatcherConnection.dispatch (C:\Users\DIVYAB~1.SEL\AppData\Local\Temp\playwright-java-6779444194254245696\package\lib\server\dispatchers\dispatcher.js:397:22)
}">
      <![CDATA[com.microsoft.playwright.PlaywrightException: Error {
  message='net::ERR_SSL_PROTOCOL_ERROR at http://playwright.dev/
=========================== logs ===========================
navigating to "http://playwright.dev/", waiting until "load"
============================================================
  name='Error
  stack='Error: net::ERR_SSL_PROTOCOL_ERROR at http://playwright.dev/
=========================== logs ===========================
navigating to "http://playwright.dev/", waiting until "load"
============================================================
    at FrameSession._navigate (C:\Users\DIVYAB~1.SEL\AppData\Local\Temp\playwright-java-6779444194254245696\package\lib\server\chromium\crPage.js:638:35)
    at async Frame._gotoAction (C:\Users\DIVYAB~1.SEL\AppData\Local\Temp\playwright-java-6779444194254245696\package\lib\server\frames.js:732:28)
    at async ProgressController.run (C:\Users\DIVYAB~1.SEL\AppData\Local\Temp\playwright-java-6779444194254245696\package\lib\server\progress.js:101:22)
    at async FrameDispatcher.goto (C:\Users\DIVYAB~1.SEL\AppData\Local\Temp\playwright-java-6779444194254245696\package\lib\server\dispatchers\frameDispatcher.js:87:59)
    at async DispatcherConnection.dispatch (C:\Users\DIVYAB~1.SEL\AppData\Local\Temp\playwright-java-6779444194254245696\package\lib\server\dispatchers\dispatcher.js:397:22)
}
at com.microsoft.playwright.impl.WaitableResult.get(WaitableResult.java:54)
at com.microsoft.playwright.impl.ChannelOwner.runUntil(ChannelOwner.java:109)
at com.microsoft.playwright.impl.Connection.sendMessage(Connection.java:108)
at com.microsoft.playwright.impl.ChannelOwner.sendMessage(ChannelOwner.java:100)
at com.microsoft.playwright.impl.FrameImpl.navigateImpl(FrameImpl.java:401)
at com.microsoft.playwright.impl.PageImpl.lambda$navigate$32(PageImpl.java:800)
at com.microsoft.playwright.impl.LoggingSupport.withLogging(LoggingSupport.java:47)
at com.microsoft.playwright.impl.ChannelOwner.withLogging(ChannelOwner.java:85)
at com.microsoft.playwright.impl.PageImpl.navigate(PageImpl.java:800)
at com.microsoft.playwright.impl.PageImpl.navigate(PageImpl.java:41)
at com.microsoft.playwright.Page.navigate(Page.java:4309)
at com.tests.browser.register(browser.java:23)
at java.base/java.util.ArrayList.forEach(ArrayList.java:1511)
at com.tests.TestRunnerJar.main(TestRunnerJar.java:17)
Caused by: com.microsoft.playwright.impl.DriverException: Error {
  message='net::ERR_SSL_PROTOCOL_ERROR at http://playwright.dev/
=========================== logs ===========================
navigating to "http://playwright.dev/", waiting until "load"
============================================================
  name='Error
  stack='Error: net::ERR_SSL_PROTOCOL_ERROR at http://playwright.dev/
=========================== logs ===========================
navigating to "http://playwright.dev/", waiting until "load"
============================================================
    at FrameSession._navigate (C:\Users\DIVYAB~1.SEL\AppData\Local\Temp\playwright-java-6779444194254245696\package\lib\server\chromium\crPage.js:638:35)
    at async Frame._gotoAction (C:\Users\DIVYAB~1.SEL\AppData\Local\Temp\playwright-java-6779444194254245696\package\lib\server\frames.js:732:28)
    at async ProgressController.run (C:\Users\DIVYAB~1.SEL\AppData\Local\Temp\playwright-java-6779444194254245696\package\lib\server\progress.js:101:22)
    at async FrameDispatcher.goto (C:\Users\DIVYAB~1.SEL\AppData\Local\Temp\playwright-java-6779444194254245696\package\lib\server\dispatchers\frameDispatcher.js:87:59)
    at async DispatcherConnection.dispatch (C:\Users\DIVYAB~1.SEL\AppData\Local\Temp\playwright-java-6779444194254245696\package\lib\server\dispatchers\dispatcher.js:397:22)
}
at com.microsoft.playwright.impl.Connection.dispatch(Connection.java:190)
at com.microsoft.playwright.impl.Connection.processOneMessage(Connection.java:170)
at com.microsoft.playwright.impl.ChannelOwner.runUntil(ChannelOwner.java:107)
... 34 more
... Removed 22 stack frames]]>
    </failure>
  </testcase> <!-- register -->
</testsuite> <!-- Command line test -->
