<?xml version="1.0" encoding="UTF-8"?>
<!-- Generated by org.testng.reporters.JUnitXMLReporter -->
<testsuite ignored="2" hostname="CDC2-LX-210J08T" failures="1" tests="3" name="Test" time="51.021" errors="0" timestamp="2023-02-08T13:33:31 IST">
  <testcase classname="com.tests.browser" name="register" time="15.973">
    <failure type="com.microsoft.playwright.PlaywrightException" message="Error {
  message=&amp;apos;Navigation failed because page was closed!
=========================== logs ===========================
navigating to &amp;quot;http://playwright.dev/&amp;quot;, waiting until &amp;quot;load&amp;quot;
============================================================
  name=&amp;apos;Error
  stack=&amp;apos;Error: Navigation failed because page was closed!
=========================== logs ===========================
navigating to &amp;quot;http://playwright.dev/&amp;quot;, waiting until &amp;quot;load&amp;quot;
============================================================
    at C:\Users\DIVYAB~1.SEL\AppData\Local\Temp\playwright-java-5118228124204534098\package\lib\server\frames.js:673:13
    at async ProgressController.run (C:\Users\DIVYAB~1.SEL\AppData\Local\Temp\playwright-java-5118228124204534098\package\lib\server\progress.js:101:22)
    at async FrameDispatcher.goto (C:\Users\DIVYAB~1.SEL\AppData\Local\Temp\playwright-java-5118228124204534098\package\lib\server\dispatchers\frameDispatcher.js:87:59)
    at async DispatcherConnection.dispatch (C:\Users\DIVYAB~1.SEL\AppData\Local\Temp\playwright-java-5118228124204534098\package\lib\server\dispatchers\dispatcher.js:397:22)
}">
      <![CDATA[com.microsoft.playwright.PlaywrightException: Error {
  message='Navigation failed because page was closed!
=========================== logs ===========================
navigating to "http://playwright.dev/", waiting until "load"
============================================================
  name='Error
  stack='Error: Navigation failed because page was closed!
=========================== logs ===========================
navigating to "http://playwright.dev/", waiting until "load"
============================================================
    at C:\Users\DIVYAB~1.SEL\AppData\Local\Temp\playwright-java-5118228124204534098\package\lib\server\frames.js:673:13
    at async ProgressController.run (C:\Users\DIVYAB~1.SEL\AppData\Local\Temp\playwright-java-5118228124204534098\package\lib\server\progress.js:101:22)
    at async FrameDispatcher.goto (C:\Users\DIVYAB~1.SEL\AppData\Local\Temp\playwright-java-5118228124204534098\package\lib\server\dispatchers\frameDispatcher.js:87:59)
    at async DispatcherConnection.dispatch (C:\Users\DIVYAB~1.SEL\AppData\Local\Temp\playwright-java-5118228124204534098\package\lib\server\dispatchers\dispatcher.js:397:22)
}
at com.microsoft.playwright.impl.WaitableResult.get(WaitableResult.java:54)
at com.microsoft.playwright.impl.ChannelOwner.runUntil(ChannelOwner.java:109)
at com.microsoft.playwright.impl.Connection.sendMessage(Connection.java:108)
at com.microsoft.playwright.impl.ChannelOwner.sendMessage(ChannelOwner.java:100)
at com.microsoft.playwright.impl.FrameImpl.navigateImpl(FrameImpl.java:401)
at com.microsoft.playwright.impl.PageImpl.lambda$navigate$32(PageImpl.java:800)
at com.microsoft.playwright.impl.LoggingSupport.withLogging(LoggingSupport.java:47)
at com.microsoft.playwright.impl.ChannelOwner.withLogging(ChannelOwner.java:85)
at com.microsoft.playwright.impl.PageImpl.navigate(PageImpl.java:800)
at com.microsoft.playwright.impl.PageImpl.navigate(PageImpl.java:41)
at com.microsoft.playwright.Page.navigate(Page.java:4309)
at com.tests.browser.register(browser.java:23)
at java.base/java.util.ArrayList.forEach(ArrayList.java:1511)
Caused by: com.microsoft.playwright.impl.DriverException: Error {
  message='Navigation failed because page was closed!
=========================== logs ===========================
navigating to "http://playwright.dev/", waiting until "load"
============================================================
  name='Error
  stack='Error: Navigation failed because page was closed!
=========================== logs ===========================
navigating to "http://playwright.dev/", waiting until "load"
============================================================
    at C:\Users\DIVYAB~1.SEL\AppData\Local\Temp\playwright-java-5118228124204534098\package\lib\server\frames.js:673:13
    at async ProgressController.run (C:\Users\DIVYAB~1.SEL\AppData\Local\Temp\playwright-java-5118228124204534098\package\lib\server\progress.js:101:22)
    at async FrameDispatcher.goto (C:\Users\DIVYAB~1.SEL\AppData\Local\Temp\playwright-java-5118228124204534098\package\lib\server\dispatchers\frameDispatcher.js:87:59)
    at async DispatcherConnection.dispatch (C:\Users\DIVYAB~1.SEL\AppData\Local\Temp\playwright-java-5118228124204534098\package\lib\server\dispatchers\dispatcher.js:397:22)
}
at com.microsoft.playwright.impl.Connection.dispatch(Connection.java:190)
at com.microsoft.playwright.impl.Connection.processOneMessage(Connection.java:170)
at com.microsoft.playwright.impl.ChannelOwner.runUntil(ChannelOwner.java:107)
... 40 more
... Removed 29 stack frames]]>
    </failure>
  </testcase> <!-- register -->
  <testcase classname="com.tests.Demo" name="login1" time="17.456"/>
  <testcase classname="testNgRunner.TestNgCodeRunner" name="testNgXMLSuite" time="17.478"/>
  <testcase classname="com.tests.Common" name="@AfterSuite close" time="0.0">
    <ignored/>
  </testcase> <!-- @AfterSuite close -->
  <testcase classname="com.tests.Common" name="@BeforeSuite startTest" time="0.0">
    <ignored/>
  </testcase> <!-- @BeforeSuite startTest -->
</testsuite> <!-- Test -->
