<?xml version="1.0" encoding="UTF-8"?>
<!-- Generated by org.testng.reporters.JUnitXMLReporter -->
<testsuite hostname="CDC2-L-F1S6KCB" ignored="2" name="AccenLoginTest" tests="2" failures="0" timestamp="2021-10-25T12:51:39 IST" time="70.988" errors="0">
  <testcase name="login1" time="66.616" classname="com.tests.Demo"/>
  <testcase name="sendmail" time="3.963" classname="com.tests.Sample"/>
  <testcase name="@AfterSuite close" time="0.0" classname="com.tests.Common">
    <ignored/>
  </testcase> <!-- @AfterSuite close -->
  <testcase name="@BeforeSuite startTest" time="0.0" classname="com.tests.Common">
    <ignored/>
  </testcase> <!-- @BeforeSuite startTest -->
</testsuite> <!-- AccenLoginTest -->
