<?xml version="1.0" encoding="UTF-8"?>
<!-- Generated by org.testng.reporters.JUnitXMLReporter -->
<testsuite hostname="BDC6-DX-5G1KXH2" name="Login8" tests="6" failures="0" timestamp="3 Jun 2020 06:59:04 GMT" time="275.188" errors="0">
  <testcase name="loginTest" time="0.01" classname="com.tests.CopyOfAccenLoginTest"/>
  <testcase name="RegisterUser" time="20.223" classname="com.tests.AccenLoginTest"/>
  <testcase name="print" time="0.003" classname="com.tests.Abc"/>
  <testcase name="print" time="0.0" classname="com.tests.Xyz"/>
  <testcase name="print" time="0.0" classname="com.tests.CopyOfAbc"/>
  <testcase name="print" time="0.0" classname="com.tests.CopyOfXyz"/>
</testsuite> <!-- Login8 -->
