<?xml version="1.0" encoding="UTF-8"?>
<!-- Generated by org.testng.reporters.JUnitXMLReporter -->
<testsuite hostname="M5-L-62970BV" name="MobileTest" tests="1" failures="1" timestamp="10 Aug 2017 05:28:03 GMT" time="48.297" errors="0">
  <testcase name="login" time="1.812" classname="com.tests.LoginTest">
    <failure type="org.openqa.selenium.NoSuchElementException" message="An element could not be located on the page using the given search parameters. (WARNING: The server did not provide any stacktrace information)
Command duration or timeout: 115 milliseconds
For documentation on this error, please visit: http://seleniumhq.org/exceptions/no_such_element.html
Build info: version: &amp;apos;3.3.1&amp;apos;, revision: &amp;apos;5234b325d5&amp;apos;, time: &amp;apos;2017-03-10 09:10:29 +0000&amp;apos;
System info: host: &amp;apos;M5-L-62970BV&amp;apos;, ip: &amp;apos;10.236.191.139&amp;apos;, os.name: &amp;apos;Windows 10&amp;apos;, os.arch: &amp;apos;amd64&amp;apos;, os.version: &amp;apos;10.0&amp;apos;, java.version: &amp;apos;1.8.0_141&amp;apos;
Driver info: io.appium.java_client.AppiumDriver
Capabilities [{appPackage=com.accenture.vaahini.airwatch, deviceScreenSize=1080x1920, networkConnectionEnabled=true, noReset=true, warnings={}, databaseEnabled=false, deviceName=8290acb20703, platform=LINUX, deviceUDID=8290acb20703, appActivity=com.accenture.vaahini.airwatch.MainActivity, desired={appPackage=com.accenture.vaahini.airwatch, appActivity=com.accenture.vaahini.airwatch.MainActivity, noReset=true, platformName=Android, deviceName=Prasad}, platformVersion=6.0.1, webStorageEnabled=false, locationContextEnabled=false, takesScreenshot=true, javascriptEnabled=true, deviceModel=Redmi Note 4, platformName=Android, deviceManufacturer=Xiaomi}]
Session ID: 67669a39-5ff0-4205-a41b-ccf86f62f709">
      <![CDATA[org.openqa.selenium.NoSuchElementException: An element could not be located on the page using the given search parameters. (WARNING: The server did not provide any stacktrace information)
Command duration or timeout: 115 milliseconds
For documentation on this error, please visit: http://seleniumhq.org/exceptions/no_such_element.html
Build info: version: '3.3.1', revision: '5234b325d5', time: '2017-03-10 09:10:29 +0000'
System info: host: 'M5-L-62970BV', ip: '10.236.191.139', os.name: 'Windows 10', os.arch: 'amd64', os.version: '10.0', java.version: '1.8.0_141'
Driver info: io.appium.java_client.AppiumDriver
Capabilities [{appPackage=com.accenture.vaahini.airwatch, deviceScreenSize=1080x1920, networkConnectionEnabled=true, noReset=true, warnings={}, databaseEnabled=false, deviceName=8290acb20703, platform=LINUX, deviceUDID=8290acb20703, appActivity=com.accenture.vaahini.airwatch.MainActivity, desired={appPackage=com.accenture.vaahini.airwatch, appActivity=com.accenture.vaahini.airwatch.MainActivity, noReset=true, platformName=Android, deviceName=Prasad}, platformVersion=6.0.1, webStorageEnabled=false, locationContextEnabled=false, takesScreenshot=true, javascriptEnabled=true, deviceModel=Redmi Note 4, platformName=Android, deviceManufacturer=Xiaomi}]
Session ID: 67669a39-5ff0-4205-a41b-ccf86f62f709
	at org.openqa.selenium.remote.ErrorHandler.createThrowable(ErrorHandler.java:216)
	at org.openqa.selenium.remote.ErrorHandler.throwIfResponseFailed(ErrorHandler.java:168)
	at org.openqa.selenium.remote.RemoteWebDriver.execute(RemoteWebDriver.java:638)
	at io.appium.java_client.DefaultGenericMobileDriver.execute(DefaultGenericMobileDriver.java:42)
	at io.appium.java_client.AppiumDriver.execute(AppiumDriver.java:1)
	at org.openqa.selenium.remote.RemoteWebElement.execute(RemoteWebElement.java:274)
	at io.appium.java_client.DefaultGenericMobileElement.execute(DefaultGenericMobileElement.java:45)
	at io.appium.java_client.MobileElement.execute(MobileElement.java:1)
	at io.appium.java_client.android.AndroidElement.execute(AndroidElement.java:1)
	at org.openqa.selenium.remote.RemoteWebElement.getAttribute(RemoteWebElement.java:126)
	at com.tests.LoginTest.login(LoginTest.java:86)
... Removed 28 stack frames]]>
    </failure>
  </testcase> <!-- login -->
</testsuite> <!-- MobileTest -->
