<?xml version="1.0" encoding="UTF-8"?>
<testsuite name="Test"
           tests="1"
           failures="1"
           errors="0"
           skipped="0"
           time="15.973">
    <properties></properties>

            <testcase
                name="register"
                time="15.973"
                classname="com.tests.browser">

            <failure type="com.microsoft.playwright.PlaywrightException" message="Error {
  message=&apos;Navigation failed because page was closed!
=========================== logs ===========================
navigating to &quot;http://playwright.dev/&quot;, waiting until &quot;load&quot;
============================================================
  name=&apos;Error
  stack=&apos;Error: Navigation failed because page was closed!
=========================== logs ===========================
navigating to &quot;http://playwright.dev/&quot;, waiting until &quot;load&quot;
============================================================
    at C:\Users\DIVYAB~1.SEL\AppData\Local\Temp\playwright-java-5118228124204534098\package\lib\server\frames.js:673:13
    at async ProgressController.run (C:\Users\DIVYAB~1.SEL\AppData\Local\Temp\playwright-java-5118228124204534098\package\lib\server\progress.js:101:22)
    at async FrameDispatcher.goto (C:\Users\DIVYAB~1.SEL\AppData\Local\Temp\playwright-java-5118228124204534098\package\lib\server\dispatchers\frameDispatcher.js:87:59)
    at async DispatcherConnection.dispatch (C:\Users\DIVYAB~1.SEL\AppData\Local\Temp\playwright-java-5118228124204534098\package\lib\server\dispatchers\dispatcher.js:397:22)
}">
                <![CDATA[com.microsoft.playwright.PlaywrightException: Error {
  message='Navigation failed because page was closed!
=========================== logs ===========================
navigating to "http://playwright.dev/", waiting until "load"
============================================================
  name='Error
  stack='Error: Navigation failed because page was closed!
=========================== logs ===========================
navigating to "http://playwright.dev/", waiting until "load"
============================================================
    at C:\Users\DIVYAB~1.SEL\AppData\Local\Temp\playwright-java-5118228124204534098\package\lib\server\frames.js:673:13
    at async ProgressController.run (C:\Users\DIVYAB~1.SEL\AppData\Local\Temp\playwright-java-5118228124204534098\package\lib\server\progress.js:101:22)
    at async FrameDispatcher.goto (C:\Users\DIVYAB~1.SEL\AppData\Local\Temp\playwright-java-5118228124204534098\package\lib\server\dispatchers\frameDispatcher.js:87:59)
    at async DispatcherConnection.dispatch (C:\Users\DIVYAB~1.SEL\AppData\Local\Temp\playwright-java-5118228124204534098\package\lib\server\dispatchers\dispatcher.js:397:22)
}
                com.microsoft.playwright.impl.WaitableResult.get(WaitableResult.java:54)com.microsoft.playwright.impl.ChannelOwner.runUntil(ChannelOwner.java:109)com.microsoft.playwright.impl.Connection.sendMessage(Connection.java:108)com.microsoft.playwright.impl.ChannelOwner.sendMessage(ChannelOwner.java:100)com.microsoft.playwright.impl.FrameImpl.navigateImpl(FrameImpl.java:401)com.microsoft.playwright.impl.PageImpl.lambda$navigate$32(PageImpl.java:800)com.microsoft.playwright.impl.LoggingSupport.withLogging(LoggingSupport.java:47)com.microsoft.playwright.impl.ChannelOwner.withLogging(ChannelOwner.java:85)com.microsoft.playwright.impl.PageImpl.navigate(PageImpl.java:800)com.microsoft.playwright.impl.PageImpl.navigate(PageImpl.java:41)com.microsoft.playwright.Page.navigate(Page.java:4309)com.tests.browser.register(browser.java:23)java.base/jdk.internal.reflect.DirectMethodHandleAccessor.invoke(DirectMethodHandleAccessor.java:104)java.base/java.lang.reflect.Method.invoke(Method.java:578)org.testng.internal.invokers.MethodInvocationHelper.invokeMethod(MethodInvocationHelper.java:139)org.testng.internal.invokers.TestInvoker.invokeMethod(TestInvoker.java:677)org.testng.internal.invokers.TestInvoker.invokeTestMethod(TestInvoker.java:221)org.testng.internal.invokers.MethodRunner.runInSequence(MethodRunner.java:50)org.testng.internal.invokers.TestInvoker$MethodInvocationAgent.invoke(TestInvoker.java:969)org.testng.internal.invokers.TestInvoker.invokeTestMethods(TestInvoker.java:194)org.testng.internal.invokers.TestMethodWorker.invokeTestMethods(TestMethodWorker.java:148)org.testng.internal.invokers.TestMethodWorker.run(TestMethodWorker.java:128)java.base/java.util.ArrayList.forEach(ArrayList.java:1511)org.testng.TestRunner.privateRun(TestRunner.java:829)org.testng.TestRunner.run(TestRunner.java:602)org.testng.SuiteRunner.runTest(SuiteRunner.java:437)org.testng.SuiteRunner.runSequentially(SuiteRunner.java:431)org.testng.SuiteRunner.privateRun(SuiteRunner.java:391)org.testng.SuiteRunner.run(SuiteRunner.java:330)org.testng.SuiteRunnerWorker.runSuite(SuiteRunnerWorker.java:52)org.testng.SuiteRunnerWorker.run(SuiteRunnerWorker.java:95)org.testng.TestNG.runSuitesSequentially(TestNG.java:1256)org.testng.TestNG.runSuitesLocally(TestNG.java:1176)org.testng.TestNG.runSuites(TestNG.java:1099)org.testng.TestNG.run(TestNG.java:1067)org.apache.maven.surefire.testng.TestNGExecutor.run(TestNGExecutor.java:283)org.apache.maven.surefire.testng.TestNGXmlTestSuite.execute(TestNGXmlTestSuite.java:75)org.apache.maven.surefire.testng.TestNGProvider.invoke(TestNGProvider.java:120)org.apache.maven.surefire.booter.ForkedBooter.invokeProviderInSameClassLoader(ForkedBooter.java:384)org.apache.maven.surefire.booter.ForkedBooter.runSuitesInProcess(ForkedBooter.java:345)org.apache.maven.surefire.booter.ForkedBooter.execute(ForkedBooter.java:126)org.apache.maven.surefire.booter.ForkedBooter.main(ForkedBooter.java:418)
                    Caused by: com.microsoft.playwright.impl.DriverException: Error {
  message='Navigation failed because page was closed!
=========================== logs ===========================
navigating to "http://playwright.dev/", waiting until "load"
============================================================
  name='Error
  stack='Error: Navigation failed because page was closed!
=========================== logs ===========================
navigating to "http://playwright.dev/", waiting until "load"
============================================================
    at C:\Users\DIVYAB~1.SEL\AppData\Local\Temp\playwright-java-5118228124204534098\package\lib\server\frames.js:673:13
    at async ProgressController.run (C:\Users\DIVYAB~1.SEL\AppData\Local\Temp\playwright-java-5118228124204534098\package\lib\server\progress.js:101:22)
    at async FrameDispatcher.goto (C:\Users\DIVYAB~1.SEL\AppData\Local\Temp\playwright-java-5118228124204534098\package\lib\server\dispatchers\frameDispatcher.js:87:59)
    at async DispatcherConnection.dispatch (C:\Users\DIVYAB~1.SEL\AppData\Local\Temp\playwright-java-5118228124204534098\package\lib\server\dispatchers\dispatcher.js:397:22)
}
                    com.microsoft.playwright.impl.Connection.dispatch(Connection.java:190)com.microsoft.playwright.impl.Connection.processOneMessage(Connection.java:170)com.microsoft.playwright.impl.ChannelOwner.runUntil(ChannelOwner.java:107)com.microsoft.playwright.impl.Connection.sendMessage(Connection.java:108)com.microsoft.playwright.impl.ChannelOwner.sendMessage(ChannelOwner.java:100)com.microsoft.playwright.impl.FrameImpl.navigateImpl(FrameImpl.java:401)com.microsoft.playwright.impl.PageImpl.lambda$navigate$32(PageImpl.java:800)com.microsoft.playwright.impl.LoggingSupport.withLogging(LoggingSupport.java:47)com.microsoft.playwright.impl.ChannelOwner.withLogging(ChannelOwner.java:85)com.microsoft.playwright.impl.PageImpl.navigate(PageImpl.java:800)com.microsoft.playwright.impl.PageImpl.navigate(PageImpl.java:41)com.microsoft.playwright.Page.navigate(Page.java:4309)com.tests.browser.register(browser.java:23)java.base/jdk.internal.reflect.DirectMethodHandleAccessor.invoke(DirectMethodHandleAccessor.java:104)java.base/java.lang.reflect.Method.invoke(Method.java:578)org.testng.internal.invokers.MethodInvocationHelper.invokeMethod(MethodInvocationHelper.java:139)org.testng.internal.invokers.TestInvoker.invokeMethod(TestInvoker.java:677)org.testng.internal.invokers.TestInvoker.invokeTestMethod(TestInvoker.java:221)org.testng.internal.invokers.MethodRunner.runInSequence(MethodRunner.java:50)org.testng.internal.invokers.TestInvoker$MethodInvocationAgent.invoke(TestInvoker.java:969)org.testng.internal.invokers.TestInvoker.invokeTestMethods(TestInvoker.java:194)org.testng.internal.invokers.TestMethodWorker.invokeTestMethods(TestMethodWorker.java:148)org.testng.internal.invokers.TestMethodWorker.run(TestMethodWorker.java:128)java.base/java.util.ArrayList.forEach(ArrayList.java:1511)org.testng.TestRunner.privateRun(TestRunner.java:829)org.testng.TestRunner.run(TestRunner.java:602)org.testng.SuiteRunner.runTest(SuiteRunner.java:437)org.testng.SuiteRunner.runSequentially(SuiteRunner.java:431)org.testng.SuiteRunner.privateRun(SuiteRunner.java:391)org.testng.SuiteRunner.run(SuiteRunner.java:330)org.testng.SuiteRunnerWorker.runSuite(SuiteRunnerWorker.java:52)org.testng.SuiteRunnerWorker.run(SuiteRunnerWorker.java:95)org.testng.TestNG.runSuitesSequentially(TestNG.java:1256)org.testng.TestNG.runSuitesLocally(TestNG.java:1176)org.testng.TestNG.runSuites(TestNG.java:1099)org.testng.TestNG.run(TestNG.java:1067)org.apache.maven.surefire.testng.TestNGExecutor.run(TestNGExecutor.java:283)org.apache.maven.surefire.testng.TestNGXmlTestSuite.execute(TestNGXmlTestSuite.java:75)org.apache.maven.surefire.testng.TestNGProvider.invoke(TestNGProvider.java:120)org.apache.maven.surefire.booter.ForkedBooter.invokeProviderInSameClassLoader(ForkedBooter.java:384)org.apache.maven.surefire.booter.ForkedBooter.runSuitesInProcess(ForkedBooter.java:345)org.apache.maven.surefire.booter.ForkedBooter.execute(ForkedBooter.java:126)org.apache.maven.surefire.booter.ForkedBooter.main(ForkedBooter.java:418)
                ]]>
            </failure>
    </testcase>


</testsuite>
