<?xml version="1.0" encoding="UTF-8"?>
<!-- Generated by org.testng.reporters.JUnitXMLReporter -->
<testsuite ignored="3" hostname="TFOO-1202SM4-LX" failures="0" tests="1" name="Default test" time="285.408" errors="0" timestamp="2024-08-08T12:43:33 CST">
  <testcase classname="com.tests.LandingPage" name="GetURLContent" time="285.339"/>
  <testcase classname="com.tests.LandingPage" name="AskForSupport" time="0.0">
    <ignored/>
  </testcase> <!-- AskForSupport -->
  <testcase classname="com.tests.LandingPage" name="landingPage" time="0.0">
    <ignored/>
  </testcase> <!-- landingPage -->
  <testcase classname="com.tests.LandingPage" name="GetPeople" time="0.0">
    <ignored/>
  </testcase> <!-- GetPeople -->
</testsuite> <!-- Default test -->
